# JRE version: OpenJDK Runtime Environment (11.0.11+9) (build 11.0.11+9)
# Java VM: OpenJDK 64-Bit Server VM (11.0.11+9, mixed mode, tiered, compressed oops, g1 gc, linux-amd64)
Heap:
 garbage-first heap   total 126976K, used 54364K [0x0000000084800000, 0x0000000100000000)
  region size 1024K, 33 young (33792K), 1 survivors (1024K)
 Metaspace       used 15780K, capacity 16087K, committed 16256K, reserved 1064960K
  class space    used 1248K, capacity 1374K, committed 1408K, reserved 1048576K
GC Heap History (14 events):
Event: 0.776 GC heap before
{Heap before GC invocations=0 (full 0):
 garbage-first heap   total 126976K, used 13312K [0x0000000084800000, 0x0000000100000000)
  region size 1024K, 14 young (14336K), 0 survivors (0K)
 Metaspace       used 10598K, capacity 10764K, committed 10880K, reserved 1058816K
  class space    used 792K, capacity 870K, committed 896K, reserved 1048576K
}
Event: 0.781 GC heap after
{Heap after GC invocations=1 (full 0):
 garbage-first heap   total 126976K, used 1986K [0x0000000084800000, 0x0000000100000000)
  region size 1024K, 2 young (2048K), 2 survivors (2048K)
 Metaspace       used 10598K, capacity 10764K, committed 10880K, reserved 1058816K
  class space    used 792K, capacity 870K, committed 896K, reserved 1048576K
}
Event: 1.476 GC heap before
{Heap before GC invocations=1 (full 0):
 garbage-first heap   total 126976K, used 75714K [0x0000000084800000, 0x0000000100000000)
  region size 1024K, 74 young (75776K), 2 survivors (2048K)
 Metaspace       used 15560K, capacity 15808K, committed 16256K, reserved 1064960K
  class space    used 1218K, capacity 1321K, committed 1408K, reserved 1048576K
}
Event: 1.531 GC heap after
{Heap after GC invocations=2 (full 0):
 garbage-first heap   total 126976K, used 22414K [0x0000000084800000, 0x0000000100000000)
  region size 1024K, 10 young (10240K), 10 survivors (10240K)
 Metaspace       used 15560K, capacity 15808K, committed 16256K, reserved 1064960K
  class space    used 1218K, capacity 1321K, committed 1408K, reserved 1048576K
}
Event: 1.646 GC heap before
{Heap before GC invocations=2 (full 0):
 garbage-first heap   total 126976K, used 75662K [0x0000000084800000, 0x0000000100000000)
  region size 1024K, 62 young (63488K), 10 survivors (10240K)
 Metaspace       used 15593K, capacity 15808K, committed 16256K, reserved 1064960K
  class space    used 1218K, capacity 1321K, committed 1408K, reserved 1048576K
}
Event: 1.659 GC heap after
{Heap after GC invocations=3 (full 0):
 garbage-first heap   total 126976K, used 23930K [0x0000000084800000, 0x0000000100000000)
  region size 1024K, 2 young (2048K), 2 survivors (2048K)
 Metaspace       used 15593K, capacity 15808K, committed 16256K, reserved 1064960K
  class space    used 1218K, capacity 1321K, committed 1408K, reserved 1048576K
}
Event: 1.770 GC heap before
{Heap before GC invocations=3 (full 0):
 garbage-first heap   total 126976K, used 86394K [0x0000000084800000, 0x0000000100000000)
  region size 1024K, 57 young (58368K), 2 survivors (2048K)
 Metaspace       used 15599K, capacity 15808K, committed 16256K, reserved 1064960K
  class space    used 1218K, capacity 1321K, committed 1408K, reserved 1048576K
}
Event: 1.771 GC heap after
{Heap after GC invocations=4 (full 0):
 garbage-first heap   total 126976K, used 28863K [0x0000000084800000, 0x0000000100000000)
  region size 1024K, 1 young (1024K), 1 survivors (1024K)
 Metaspace       used 15599K, capacity 15808K, committed 16256K, reserved 1064960K
  class space    used 1218K, capacity 1321K, committed 1408K, reserved 1048576K
}
Event: 1.901 GC heap before
{Heap before GC invocations=4 (full 0):
 garbage-first heap   total 126976K, used 88255K [0x0000000084800000, 0x0000000100000000)
  region size 1024K, 56 young (57344K), 1 survivors (1024K)
 Metaspace       used 15649K, capacity 15968K, committed 16256K, reserved 1064960K
  class space    used 1225K, capacity 1333K, committed 1408K, reserved 1048576K
}
Event: 1.902 GC heap after
{Heap after GC invocations=5 (full 0):
 garbage-first heap   total 126976K, used 22625K [0x0000000084800000, 0x0000000100000000)
  region size 1024K, 1 young (1024K), 1 survivors (1024K)
 Metaspace       used 15649K, capacity 15968K, committed 16256K, reserved 1064960K
  class space    used 1225K, capacity 1333K, committed 1408K, reserved 1048576K
}
Event: 2.023 GC heap before
{Heap before GC invocations=5 (full 0):
 garbage-first heap   total 126976K, used 84065K [0x0000000084800000, 0x0000000100000000)
  region size 1024K, 61 young (62464K), 1 survivors (1024K)
 Metaspace       used 15656K, capacity 15968K, committed 16256K, reserved 1064960K
  class space    used 1225K, capacity 1333K, committed 1408K, reserved 1048576K
}
Event: 2.025 GC heap after
{Heap after GC invocations=6 (full 0):
 garbage-first heap   total 126976K, used 23202K [0x0000000084800000, 0x0000000100000000)
  region size 1024K, 1 young (1024K), 1 survivors (1024K)
 Metaspace       used 15656K, capacity 15968K, committed 16256K, reserved 1064960K
  class space    used 1225K, capacity 1333K, committed 1408K, reserved 1048576K
}
Event: 2.163 GC heap before
{Heap before GC invocations=6 (full 0):
 garbage-first heap   total 126976K, used 87714K [0x0000000084800000, 0x0000000100000000)
  region size 1024K, 65 young (66560K), 1 survivors (1024K)
 Metaspace       used 15693K, capacity 16005K, committed 16256K, reserved 1064960K
  class space    used 1232K, capacity 1367K, committed 1408K, reserved 1048576K
}
Event: 2.168 GC heap after
{Heap after GC invocations=7 (full 0):
 garbage-first heap   total 126976K, used 22620K [0x0000000084800000, 0x0000000100000000)
  region size 1024K, 1 young (1024K), 1 survivors (1024K)
 Metaspace       used 15693K, capacity 16005K, committed 16256K, reserved 1064960K
  class space    used 1232K, capacity 1367K, committed 1408K, reserved 1048576K
}

