# JRE version: OpenJDK Runtime Environment (11.0.11+9) (build 11.0.11+9)
# Java VM: OpenJDK 64-Bit Server VM (11.0.11+9, mixed mode, tiered, compressed oops, g1 gc, linux-amd64)
Heap:
 garbage-first heap   total 188416K, used 55971K [0x0000000084800000, 0x0000000100000000)
  region size 1024K, 34 young (34816K), 1 survivors (1024K)
 Metaspace       used 15822K, capacity 16119K, committed 16256K, reserved 1064960K
  class space    used 1255K, capacity 1384K, committed 1408K, reserved 1048576K
GC Heap History (12 events):
Event: 0.790 GC heap before
{Heap before GC invocations=0 (full 0):
 garbage-first heap   total 126976K, used 13312K [0x0000000084800000, 0x0000000100000000)
  region size 1024K, 14 young (14336K), 0 survivors (0K)
 Metaspace       used 10616K, capacity 10768K, committed 11136K, reserved 1058816K
  class space    used 794K, capacity 870K, committed 896K, reserved 1048576K
}
Event: 0.797 GC heap after
{Heap after GC invocations=1 (full 0):
 garbage-first heap   total 126976K, used 2002K [0x0000000084800000, 0x0000000100000000)
  region size 1024K, 2 young (2048K), 2 survivors (2048K)
 Metaspace       used 10616K, capacity 10768K, committed 11136K, reserved 1058816K
  class space    used 794K, capacity 870K, committed 896K, reserved 1048576K
}
Event: 1.518 GC heap before
{Heap before GC invocations=1 (full 0):
 garbage-first heap   total 126976K, used 75730K [0x0000000084800000, 0x0000000100000000)
  region size 1024K, 74 young (75776K), 2 survivors (2048K)
 Metaspace       used 15640K, capacity 15908K, committed 16256K, reserved 1064960K
  class space    used 1226K, capacity 1333K, committed 1408K, reserved 1048576K
}
Event: 1.572 GC heap after
{Heap after GC invocations=2 (full 0):
 garbage-first heap   total 126976K, used 21949K [0x0000000084800000, 0x0000000100000000)
  region size 1024K, 10 young (10240K), 10 survivors (10240K)
 Metaspace       used 15640K, capacity 15908K, committed 16256K, reserved 1064960K
  class space    used 1226K, capacity 1333K, committed 1408K, reserved 1048576K
}
Event: 1.678 GC heap before
{Heap before GC invocations=2 (full 0):
 garbage-first heap   total 126976K, used 78269K [0x0000000084800000, 0x0000000100000000)
  region size 1024K, 62 young (63488K), 10 survivors (10240K)
 Metaspace       used 15651K, capacity 15908K, committed 16256K, reserved 1064960K
  class space    used 1226K, capacity 1333K, committed 1408K, reserved 1048576K
}
Event: 1.695 GC heap after
{Heap after GC invocations=3 (full 0):
 garbage-first heap   total 126976K, used 26624K [0x0000000084800000, 0x0000000100000000)
  region size 1024K, 1 young (1024K), 1 survivors (1024K)
 Metaspace       used 15651K, capacity 15908K, committed 16256K, reserved 1064960K
  class space    used 1226K, capacity 1333K, committed 1408K, reserved 1048576K
}
Event: 1.813 GC heap before
{Heap before GC invocations=3 (full 0):
 garbage-first heap   total 126976K, used 87040K [0x0000000084800000, 0x0000000100000000)
  region size 1024K, 55 young (56320K), 1 survivors (1024K)
 Metaspace       used 15652K, capacity 15908K, committed 16256K, reserved 1064960K
  class space    used 1226K, capacity 1333K, committed 1408K, reserved 1048576K
}
Event: 1.823 GC heap after
{Heap after GC invocations=4 (full 0):
 garbage-first heap   total 126976K, used 24777K [0x0000000084800000, 0x0000000100000000)
  region size 1024K, 1 young (1024K), 1 survivors (1024K)
 Metaspace       used 15652K, capacity 15908K, committed 16256K, reserved 1064960K
  class space    used 1226K, capacity 1333K, committed 1408K, reserved 1048576K
}
Event: 1.928 GC heap before
{Heap before GC invocations=4 (full 0):
 garbage-first heap   total 126976K, used 84169K [0x0000000084800000, 0x0000000100000000)
  region size 1024K, 57 young (58368K), 1 survivors (1024K)
 Metaspace       used 15662K, capacity 15908K, committed 16256K, reserved 1064960K
  class space    used 1226K, capacity 1333K, committed 1408K, reserved 1048576K
}
Event: 1.930 GC heap after
{Heap after GC invocations=5 (full 0):
 garbage-first heap   total 188416K, used 22582K [0x0000000084800000, 0x0000000100000000)
  region size 1024K, 1 young (1024K), 1 survivors (1024K)
 Metaspace       used 15662K, capacity 15908K, committed 16256K, reserved 1064960K
  class space    used 1226K, capacity 1333K, committed 1408K, reserved 1048576K
}
Event: 2.088 GC heap before
{Heap before GC invocations=5 (full 0):
 garbage-first heap   total 188416K, used 103478K [0x0000000084800000, 0x0000000100000000)
  region size 1024K, 80 young (81920K), 1 survivors (1024K)
 Metaspace       used 15703K, capacity 16032K, committed 16256K, reserved 1064960K
  class space    used 1232K, capacity 1375K, committed 1408K, reserved 1048576K
}
Event: 2.090 GC heap after
{Heap after GC invocations=6 (full 0):
 garbage-first heap   total 188416K, used 23203K [0x0000000084800000, 0x0000000100000000)
  region size 1024K, 1 young (1024K), 1 survivors (1024K)
 Metaspace       used 15703K, capacity 16032K, committed 16256K, reserved 1064960K
  class space    used 1232K, capacity 1375K, committed 1408K, reserved 1048576K
}

