# JRE version: OpenJDK Runtime Environment (11.0.11+9) (build 11.0.11+9)
# Java VM: OpenJDK 64-Bit Server VM (11.0.11+9, mixed mode, tiered, compressed oops, g1 gc, linux-amd64)
Heap:
 garbage-first heap   total 126976K, used 75009K [0x0000000084800000, 0x0000000100000000)
  region size 1024K, 53 young (54272K), 1 survivors (1024K)
 Metaspace       used 15790K, capacity 16087K, committed 16256K, reserved 1064960K
  class space    used 1248K, capacity 1374K, committed 1408K, reserved 1048576K
GC Heap History (12 events):
Event: 0.894 GC heap before
{Heap before GC invocations=0 (full 0):
 garbage-first heap   total 126976K, used 13312K [0x0000000084800000, 0x0000000100000000)
  region size 1024K, 14 young (14336K), 0 survivors (0K)
 Metaspace       used 10586K, capacity 10764K, committed 11136K, reserved 1058816K
  class space    used 791K, capacity 870K, committed 896K, reserved 1048576K
}
Event: 0.899 GC heap after
{Heap after GC invocations=1 (full 0):
 garbage-first heap   total 126976K, used 2002K [0x0000000084800000, 0x0000000100000000)
  region size 1024K, 2 young (2048K), 2 survivors (2048K)
 Metaspace       used 10586K, capacity 10764K, committed 11136K, reserved 1058816K
  class space    used 791K, capacity 870K, committed 896K, reserved 1048576K
}
Event: 1.513 GC heap before
{Heap before GC invocations=1 (full 0):
 garbage-first heap   total 126976K, used 74706K [0x0000000084800000, 0x0000000100000000)
  region size 1024K, 74 young (75776K), 2 survivors (2048K)
 Metaspace       used 15564K, capacity 15808K, committed 16256K, reserved 1064960K
  class space    used 1218K, capacity 1321K, committed 1408K, reserved 1048576K
}
Event: 1.557 GC heap after
{Heap after GC invocations=2 (full 0):
 garbage-first heap   total 126976K, used 22428K [0x0000000084800000, 0x0000000100000000)
  region size 1024K, 10 young (10240K), 10 survivors (10240K)
 Metaspace       used 15564K, capacity 15808K, committed 16256K, reserved 1064960K
  class space    used 1218K, capacity 1321K, committed 1408K, reserved 1048576K
}
Event: 1.681 GC heap before
{Heap before GC invocations=2 (full 0):
 garbage-first heap   total 126976K, used 75676K [0x0000000084800000, 0x0000000100000000)
  region size 1024K, 64 young (65536K), 10 survivors (10240K)
 Metaspace       used 15605K, capacity 15808K, committed 16256K, reserved 1064960K
  class space    used 1218K, capacity 1321K, committed 1408K, reserved 1048576K
}
Event: 1.694 GC heap after
{Heap after GC invocations=3 (full 0):
 garbage-first heap   total 126976K, used 23552K [0x0000000084800000, 0x0000000100000000)
  region size 1024K, 1 young (1024K), 1 survivors (1024K)
 Metaspace       used 15605K, capacity 15808K, committed 16256K, reserved 1064960K
  class space    used 1218K, capacity 1321K, committed 1408K, reserved 1048576K
}
Event: 1.829 GC heap before
{Heap before GC invocations=3 (full 0):
 garbage-first heap   total 126976K, used 86016K [0x0000000084800000, 0x0000000100000000)
  region size 1024K, 56 young (57344K), 1 survivors (1024K)
 Metaspace       used 15608K, capacity 15808K, committed 16256K, reserved 1064960K
  class space    used 1218K, capacity 1321K, committed 1408K, reserved 1048576K
}
Event: 1.831 GC heap after
{Heap after GC invocations=4 (full 0):
 garbage-first heap   total 126976K, used 22993K [0x0000000084800000, 0x0000000100000000)
  region size 1024K, 1 young (1024K), 1 survivors (1024K)
 Metaspace       used 15608K, capacity 15808K, committed 16256K, reserved 1064960K
  class space    used 1218K, capacity 1321K, committed 1408K, reserved 1048576K
}
Event: 1.971 GC heap before
{Heap before GC invocations=4 (full 0):
 garbage-first heap   total 126976K, used 84433K [0x0000000084800000, 0x0000000100000000)
  region size 1024K, 58 young (59392K), 1 survivors (1024K)
 Metaspace       used 15650K, capacity 15901K, committed 16256K, reserved 1064960K
  class space    used 1224K, capacity 1332K, committed 1408K, reserved 1048576K
}
Event: 1.973 GC heap after
{Heap after GC invocations=5 (full 0):
 garbage-first heap   total 126976K, used 22641K [0x0000000084800000, 0x0000000100000000)
  region size 1024K, 1 young (1024K), 1 survivors (1024K)
 Metaspace       used 15650K, capacity 15901K, committed 16256K, reserved 1064960K
  class space    used 1224K, capacity 1332K, committed 1408K, reserved 1048576K
}
Event: 2.096 GC heap before
{Heap before GC invocations=5 (full 0):
 garbage-first heap   total 126976K, used 85105K [0x0000000084800000, 0x0000000100000000)
  region size 1024K, 62 young (63488K), 1 survivors (1024K)
 Metaspace       used 15671K, capacity 15968K, committed 16256K, reserved 1064960K
  class space    used 1225K, capacity 1333K, committed 1408K, reserved 1048576K
}
Event: 2.097 GC heap after
{Heap after GC invocations=6 (full 0):
 garbage-first heap   total 126976K, used 22785K [0x0000000084800000, 0x0000000100000000)
  region size 1024K, 1 young (1024K), 1 survivors (1024K)
 Metaspace       used 15671K, capacity 15968K, committed 16256K, reserved 1064960K
  class space    used 1225K, capacity 1333K, committed 1408K, reserved 1048576K
}

